<?xml version="1.0" encoding="UTF-8"?>
<testng-results skipped="0" failed="0" ignored="0" total="1" passed="1">
  <reporter-output>
  </reporter-output>
  <suite name="Default suite" duration-ms="54313" started-at="2020-06-18T03:33:05Z" finished-at="2020-06-18T03:33:59Z">
    <groups>
    </groups>
    <test name="Default test" duration-ms="54313" started-at="2020-06-18T03:33:05Z" finished-at="2020-06-18T03:33:59Z">
      <class name="com.automation.testcases.LoginTestPage">
        <test-method status="PASS" signature="setUpSuite()[pri:0, instance:com.automation.testcases.LoginTestPage@5ad851c9]" name="setUpSuite" is-config="true" duration-ms="768" started-at="2020-06-18T03:33:04Z" finished-at="2020-06-18T03:33:05Z">
          <reporter-output>
          </reporter-output>
        </test-method> <!-- setUpSuite -->
        <test-method status="PASS" signature="setup()[pri:0, instance:com.automation.testcases.LoginTestPage@5ad851c9]" name="setup" is-config="true" duration-ms="38973" started-at="2020-06-18T03:33:05Z" finished-at="2020-06-18T03:33:44Z">
          <reporter-output>
          </reporter-output>
        </test-method> <!-- setup -->
        <test-method status="PASS" signature="loginApp()[pri:0, instance:com.automation.testcases.LoginTestPage@5ad851c9]" name="loginApp" duration-ms="13048" started-at="2020-06-18T03:33:44Z" finished-at="2020-06-18T03:33:57Z">
          <reporter-output>
          </reporter-output>
        </test-method> <!-- loginApp -->
        <test-method status="PASS" signature="tearDownMethod(org.testng.ITestResult)[pri:0, instance:com.automation.testcases.LoginTestPage@5ad851c9]" name="tearDownMethod" is-config="true" duration-ms="982" started-at="2020-06-18T03:33:57Z" finished-at="2020-06-18T03:33:58Z">
          <params>
            <param index="0">
              <value>
                <![CDATA[[TestResult name=loginApp status=SUCCESS method=LoginTestPage.loginApp()[pri:0, instance:com.automation.testcases.LoginTestPage@5ad851c9] output={null}]]]>
              </value>
            </param>
          </params>
          <reporter-output>
          </reporter-output>
        </test-method> <!-- tearDownMethod -->
        <test-method status="PASS" signature="tearDown()[pri:0, instance:com.automation.testcases.LoginTestPage@5ad851c9]" name="tearDown" is-config="true" duration-ms="1094" started-at="2020-06-18T03:33:58Z" finished-at="2020-06-18T03:33:59Z">
          <reporter-output>
          </reporter-output>
        </test-method> <!-- tearDown -->
      </class> <!-- com.automation.testcases.LoginTestPage -->
    </test> <!-- Default test -->
  </suite> <!-- Default suite -->
</testng-results>
