<?xml version="1.0" encoding="UTF-8"?>
<!-- Generated by org.testng.reporters.JUnitXMLReporter -->
<testsuite hostname="DESKTOP-K84KE2G" ignored="0" name="Test" tests="1" failures="1" timestamp="17 Jun 2020 04:01:13 GMT" time="0.601" errors="0">
  <testcase name="@AfterClass tearDown" time="0.002" classname="com.automation.testcases.LoginTestPage">
    <failure type="java.lang.NullPointerException">
      <![CDATA[java.lang.NullPointerException
at com.automation.utility.BrowserUtility.quitBrowser(BrowserUtility.java:29)
at com.automation.testcases.LoginTestPage.tearDown(LoginTestPage.java:29)
... Removed 26 stack frames]]>
    </failure>
  </testcase> <!-- @AfterClass tearDown -->
  <testcase name="loginApp" time="0.532" classname="com.automation.testcases.LoginTestPage">
    <failure type="java.lang.NullPointerException">
      <![CDATA[java.lang.NullPointerException
at com.automation.utility.ExcelDataProvider.getStringData(ExcelDataProvider.java:28)
at com.automation.testcases.LoginTestPage.loginApp(LoginTestPage.java:25)
... Removed 25 stack frames]]>
    </failure>
  </testcase> <!-- loginApp -->
</testsuite> <!-- Test -->
